# JRE version: OpenJDK Runtime Environment (8.0_202-b03) (build 1.8.0_202-release-1483-b03)
# Java VM: OpenJDK 64-Bit Server VM (25.202-b03 mixed mode windows-amd64 compressed oops)
Heap:
 PSYoungGen      total 164864K, used 22049K [0x00000000e0000000, 0x00000000ecc00000, 0x0000000100000000)
  eden space 150528K, 6% used [0x00000000e0000000,0x00000000e098a750,0x00000000e9300000)
  from space 14336K, 85% used [0x00000000e9300000,0x00000000e9efdd48,0x00000000ea100000)
  to   space 19968K, 0% used [0x00000000eb880000,0x00000000eb880000,0x00000000ecc00000)
 ParOldGen       total 87040K, used 29683K [0x00000000a0000000, 0x00000000a5500000, 0x00000000e0000000)
  object space 87040K, 34% used [0x00000000a0000000,0x00000000a1cfcfc0,0x00000000a5500000)
 Metaspace       used 59945K, capacity 61800K, committed 62040K, reserved 1103872K
  class space    used 8113K, capacity 8533K, committed 8576K, reserved 1048576K
GC Heap History (10 events):
Event: 10.401 GC heap before
{Heap before GC invocations=12 (full 2):
 PSYoungGen      total 121344K, used 110080K [0x00000000e0000000, 0x00000000eaf00000, 0x0000000100000000)
  eden space 110080K, 100% used [0x00000000e0000000,0x00000000e6b80000,0x00000000e6b80000)
  from space 11264K, 0% used [0x00000000e6b80000,0x00000000e6b80000,0x00000000e7680000)
  to   space 12288K, 0% used [0x00000000ea300000,0x00000000ea300000,0x00000000eaf00000)
 ParOldGen       total 87040K, used 17917K [0x00000000a0000000, 0x00000000a5500000, 0x00000000e0000000)
  object space 87040K, 20% used [0x00000000a0000000,0x00000000a117f768,0x00000000a5500000)
 Metaspace       used 45353K, capacity 46398K, committed 46720K, reserved 1089536K
  class space    used 6109K, capacity 6414K, committed 6528K, reserved 1048576K
Event: 10.419 GC heap after
Heap after GC invocations=12 (full 2):
 PSYoungGen      total 151552K, used 12261K [0x00000000e0000000, 0x00000000eaf00000, 0x0000000100000000)
  eden space 139264K, 0% used [0x00000000e0000000,0x00000000e0000000,0x00000000e8800000)
  from space 12288K, 99% used [0x00000000ea300000,0x00000000eaef96c8,0x00000000eaf00000)
  to   space 14336K, 0% used [0x00000000e9300000,0x00000000e9300000,0x00000000ea100000)
 ParOldGen       total 87040K, used 20489K [0x00000000a0000000, 0x00000000a5500000, 0x00000000e0000000)
  object space 87040K, 23% used [0x00000000a0000000,0x00000000a1402780,0x00000000a5500000)
 Metaspace       used 45353K, capacity 46398K, committed 46720K, reserved 1089536K
  class space    used 6109K, capacity 6414K, committed 6528K, reserved 1048576K
}
Event: 13.102 GC heap before
{Heap before GC invocations=13 (full 2):
 PSYoungGen      total 151552K, used 151525K [0x00000000e0000000, 0x00000000eaf00000, 0x0000000100000000)
  eden space 139264K, 100% used [0x00000000e0000000,0x00000000e8800000,0x00000000e8800000)
  from space 12288K, 99% used [0x00000000ea300000,0x00000000eaef96c8,0x00000000eaf00000)
  to   space 14336K, 0% used [0x00000000e9300000,0x00000000e9300000,0x00000000ea100000)
 ParOldGen       total 87040K, used 20489K [0x00000000a0000000, 0x00000000a5500000, 0x00000000e0000000)
  object space 87040K, 23% used [0x00000000a0000000,0x00000000a1402780,0x00000000a5500000)
 Metaspace       used 56940K, capacity 58482K, committed 58624K, reserved 1099776K
  class space    used 7726K, capacity 8112K, committed 8192K, reserved 1048576K
Event: 13.153 GC heap after
Heap after GC invocations=13 (full 2):
 PSYoungGen      total 153600K, used 14312K [0x00000000e0000000, 0x00000000eaf00000, 0x0000000100000000)
  eden space 139264K, 0% used [0x00000000e0000000,0x00000000e0000000,0x00000000e8800000)
  from space 14336K, 99% used [0x00000000e9300000,0x00000000ea0fa300,0x00000000ea100000)
  to   space 12288K, 0% used [0x00000000ea300000,0x00000000ea300000,0x00000000eaf00000)
 ParOldGen       total 87040K, used 28376K [0x00000000a0000000, 0x00000000a5500000, 0x00000000e0000000)
  object space 87040K, 32% used [0x00000000a0000000,0x00000000a1bb6258,0x00000000a5500000)
 Metaspace       used 56940K, capacity 58482K, committed 58624K, reserved 1099776K
  class space    used 7726K, capacity 8112K, committed 8192K, reserved 1048576K
}
Event: 13.366 GC heap before
{Heap before GC invocations=14 (full 2):
 PSYoungGen      total 153600K, used 25086K [0x00000000e0000000, 0x00000000eaf00000, 0x0000000100000000)
  eden space 139264K, 7% used [0x00000000e0000000,0x00000000e0a858d0,0x00000000e8800000)
  from space 14336K, 99% used [0x00000000e9300000,0x00000000ea0fa300,0x00000000ea100000)
  to   space 12288K, 0% used [0x00000000ea300000,0x00000000ea300000,0x00000000eaf00000)
 ParOldGen       total 87040K, used 28376K [0x00000000a0000000, 0x00000000a5500000, 0x00000000e0000000)
  object space 87040K, 32% used [0x00000000a0000000,0x00000000a1bb6258,0x00000000a5500000)
 Metaspace       used 57428K, capacity 59012K, committed 59096K, reserved 1099776K
  class space    used 7783K, capacity 8163K, committed 8192K, reserved 1048576K
Event: 13.377 GC heap after
Heap after GC invocations=14 (full 2):
 PSYoungGen      total 151552K, used 1232K [0x00000000e0000000, 0x00000000eaf00000, 0x0000000100000000)
  eden space 139264K, 0% used [0x00000000e0000000,0x00000000e0000000,0x00000000e8800000)
  from space 12288K, 10% used [0x00000000ea300000,0x00000000ea434310,0x00000000eaf00000)
  to   space 14336K, 0% used [0x00000000e9300000,0x00000000e9300000,0x00000000ea100000)
 ParOldGen       total 87040K, used 34408K [0x00000000a0000000, 0x00000000a5500000, 0x00000000e0000000)
  object space 87040K, 39% used [0x00000000a0000000,0x00000000a219a188,0x00000000a5500000)
 Metaspace       used 57428K, capacity 59012K, committed 59096K, reserved 1099776K
  class space    used 7783K, capacity 8163K, committed 8192K, reserved 1048576K
}
Event: 13.377 GC heap before
{Heap before GC invocations=15 (full 3):
 PSYoungGen      total 151552K, used 1232K [0x00000000e0000000, 0x00000000eaf00000, 0x0000000100000000)
  eden space 139264K, 0% used [0x00000000e0000000,0x00000000e0000000,0x00000000e8800000)
  from space 12288K, 10% used [0x00000000ea300000,0x00000000ea434310,0x00000000eaf00000)
  to   space 14336K, 0% used [0x00000000e9300000,0x00000000e9300000,0x00000000ea100000)
 ParOldGen       total 87040K, used 34408K [0x00000000a0000000, 0x00000000a5500000, 0x00000000e0000000)
  object space 87040K, 39% used [0x00000000a0000000,0x00000000a219a188,0x00000000a5500000)
 Metaspace       used 57428K, capacity 59012K, committed 59096K, reserved 1099776K
  class space    used 7783K, capacity 8163K, committed 8192K, reserved 1048576K
Event: 13.733 GC heap after
Heap after GC invocations=15 (full 3):
 PSYoungGen      total 151552K, used 0K [0x00000000e0000000, 0x00000000eaf00000, 0x0000000100000000)
  eden space 139264K, 0% used [0x00000000e0000000,0x00000000e0000000,0x00000000e8800000)
  from space 12288K, 0% used [0x00000000ea300000,0x00000000ea300000,0x00000000eaf00000)
  to   space 14336K, 0% used [0x00000000e9300000,0x00000000e9300000,0x00000000ea100000)
 ParOldGen       total 87040K, used 29675K [0x00000000a0000000, 0x00000000a5500000, 0x00000000e0000000)
  object space 87040K, 34% used [0x00000000a0000000,0x00000000a1cfafc0,0x00000000a5500000)
 Metaspace       used 57428K, capacity 59012K, committed 59096K, reserved 1099776K
  class space    used 7783K, capacity 8163K, committed 8192K, reserved 1048576K
}
Event: 16.920 GC heap before
{Heap before GC invocations=16 (full 3):
 PSYoungGen      total 151552K, used 139264K [0x00000000e0000000, 0x00000000eaf00000, 0x0000000100000000)
  eden space 139264K, 100% used [0x00000000e0000000,0x00000000e8800000,0x00000000e8800000)
  from space 12288K, 0% used [0x00000000ea300000,0x00000000ea300000,0x00000000eaf00000)
  to   space 14336K, 0% used [0x00000000e9300000,0x00000000e9300000,0x00000000ea100000)
 ParOldGen       total 87040K, used 29675K [0x00000000a0000000, 0x00000000a5500000, 0x00000000e0000000)
  object space 87040K, 34% used [0x00000000a0000000,0x00000000a1cfafc0,0x00000000a5500000)
 Metaspace       used 59830K, capacity 61666K, committed 61784K, reserved 1101824K
  class space    used 8107K, capacity 8532K, committed 8576K, reserved 1048576K
Event: 16.936 GC heap after
Heap after GC invocations=16 (full 3):
 PSYoungGen      total 164864K, used 12279K [0x00000000e0000000, 0x00000000ecc00000, 0x0000000100000000)
  eden space 150528K, 0% used [0x00000000e0000000,0x00000000e0000000,0x00000000e9300000)
  from space 14336K, 85% used [0x00000000e9300000,0x00000000e9efdd48,0x00000000ea100000)
  to   space 19968K, 0% used [0x00000000eb880000,0x00000000eb880000,0x00000000ecc00000)
 ParOldGen       total 87040K, used 29683K [0x00000000a0000000, 0x00000000a5500000, 0x00000000e0000000)
  object space 87040K, 34% used [0x00000000a0000000,0x00000000a1cfcfc0,0x00000000a5500000)
 Metaspace       used 59830K, capacity 61666K, committed 61784K, reserved 1101824K
  class space    used 8107K, capacity 8532K, committed 8576K, reserved 1048576K
}

