# JRE version: OpenJDK Runtime Environment (8.0_202-b03) (build 1.8.0_202-release-1483-b03)
# Java VM: OpenJDK 64-Bit Server VM (25.202-b03 mixed mode windows-amd64 compressed oops)
Heap:
 PSYoungGen      total 173056K, used 144351K [0x00000000e0000000, 0x00000000ece00000, 0x0000000100000000)
  eden space 157184K, 91% used [0x00000000e0000000,0x00000000e8cf7ec0,0x00000000e9980000)
  from space 15872K, 0% used [0x00000000ea880000,0x00000000ea880000,0x00000000eb800000)
  to   space 15360K, 0% used [0x00000000e9980000,0x00000000e9980000,0x00000000ea880000)
 ParOldGen       total 93184K, used 30702K [0x00000000a0000000, 0x00000000a5b00000, 0x00000000e0000000)
  object space 93184K, 32% used [0x00000000a0000000,0x00000000a1dfba98,0x00000000a5b00000)
 Metaspace       used 59908K, capacity 61768K, committed 61848K, reserved 1101824K
  class space    used 8115K, capacity 8539K, committed 8616K, reserved 1048576K
GC Heap History (10 events):
Event: 6.676 GC heap before
{Heap before GC invocations=11 (full 2):
 PSYoungGen      total 116736K, used 10924K [0x00000000e0000000, 0x00000000ea780000, 0x0000000100000000)
  eden space 105472K, 0% used [0x00000000e0000000,0x00000000e0000000,0x00000000e6700000)
  from space 11264K, 96% used [0x00000000e6700000,0x00000000e71ab2d0,0x00000000e7200000)
  to   space 12288K, 0% used [0x00000000e9b80000,0x00000000e9b80000,0x00000000ea780000)
 ParOldGen       total 57856K, used 8519K [0x00000000a0000000, 0x00000000a3880000, 0x00000000e0000000)
  object space 57856K, 14% used [0x00000000a0000000,0x00000000a0851df0,0x00000000a3880000)
 Metaspace       used 34725K, capacity 35404K, committed 35496K, reserved 1079296K
  class space    used 4780K, capacity 4993K, committed 5032K, reserved 1048576K
Event: 6.830 GC heap after
Heap after GC invocations=11 (full 2):
 PSYoungGen      total 116736K, used 0K [0x00000000e0000000, 0x00000000ea780000, 0x0000000100000000)
  eden space 105472K, 0% used [0x00000000e0000000,0x00000000e0000000,0x00000000e6700000)
  from space 11264K, 0% used [0x00000000e6700000,0x00000000e6700000,0x00000000e7200000)
  to   space 12288K, 0% used [0x00000000e9b80000,0x00000000e9b80000,0x00000000ea780000)
 ParOldGen       total 93184K, used 17848K [0x00000000a0000000, 0x00000000a5b00000, 0x00000000e0000000)
  object space 93184K, 19% used [0x00000000a0000000,0x00000000a116e0a0,0x00000000a5b00000)
 Metaspace       used 34720K, capacity 35386K, committed 35496K, reserved 1079296K
  class space    used 4778K, capacity 4990K, committed 5032K, reserved 1048576K
}
Event: 8.542 GC heap before
{Heap before GC invocations=12 (full 2):
 PSYoungGen      total 116736K, used 105472K [0x00000000e0000000, 0x00000000ea780000, 0x0000000100000000)
  eden space 105472K, 100% used [0x00000000e0000000,0x00000000e6700000,0x00000000e6700000)
  from space 11264K, 0% used [0x00000000e6700000,0x00000000e6700000,0x00000000e7200000)
  to   space 12288K, 0% used [0x00000000e9b80000,0x00000000e9b80000,0x00000000ea780000)
 ParOldGen       total 93184K, used 17848K [0x00000000a0000000, 0x00000000a5b00000, 0x00000000e0000000)
  object space 93184K, 19% used [0x00000000a0000000,0x00000000a116e0a0,0x00000000a5b00000)
 Metaspace       used 45295K, capacity 46228K, committed 46376K, reserved 1089536K
  class space    used 6106K, capacity 6380K, committed 6440K, reserved 1048576K
Event: 8.560 GC heap after
Heap after GC invocations=12 (full 2):
 PSYoungGen      total 141312K, used 12256K [0x00000000e0000000, 0x00000000ea780000, 0x0000000100000000)
  eden space 129024K, 0% used [0x00000000e0000000,0x00000000e0000000,0x00000000e7e00000)
  from space 12288K, 99% used [0x00000000e9b80000,0x00000000ea778090,0x00000000ea780000)
  to   space 14336K, 0% used [0x00000000e8b80000,0x00000000e8b80000,0x00000000e9980000)
 ParOldGen       total 93184K, used 19935K [0x00000000a0000000, 0x00000000a5b00000, 0x00000000e0000000)
  object space 93184K, 21% used [0x00000000a0000000,0x00000000a1377d98,0x00000000a5b00000)
 Metaspace       used 45295K, capacity 46228K, committed 46376K, reserved 1089536K
  class space    used 6106K, capacity 6380K, committed 6440K, reserved 1048576K
}
Event: 10.657 GC heap before
{Heap before GC invocations=13 (full 2):
 PSYoungGen      total 141312K, used 141280K [0x00000000e0000000, 0x00000000ea780000, 0x0000000100000000)
  eden space 129024K, 100% used [0x00000000e0000000,0x00000000e7e00000,0x00000000e7e00000)
  from space 12288K, 99% used [0x00000000e9b80000,0x00000000ea778090,0x00000000ea780000)
  to   space 14336K, 0% used [0x00000000e8b80000,0x00000000e8b80000,0x00000000e9980000)
 ParOldGen       total 93184K, used 19935K [0x00000000a0000000, 0x00000000a5b00000, 0x00000000e0000000)
  object space 93184K, 21% used [0x00000000a0000000,0x00000000a1377d98,0x00000000a5b00000)
 Metaspace       used 55995K, capacity 57440K, committed 57768K, reserved 1099776K
  class space    used 7616K, capacity 8017K, committed 8104K, reserved 1048576K
Event: 10.688 GC heap after
Heap after GC invocations=13 (full 2):
 PSYoungGen      total 157184K, used 13948K [0x00000000e0000000, 0x00000000eb800000, 0x0000000100000000)
  eden space 142848K, 0% used [0x00000000e0000000,0x00000000e0000000,0x00000000e8b80000)
  from space 14336K, 97% used [0x00000000e8b80000,0x00000000e991f328,0x00000000e9980000)
  to   space 15872K, 0% used [0x00000000ea880000,0x00000000ea880000,0x00000000eb800000)
 ParOldGen       total 93184K, used 26714K [0x00000000a0000000, 0x00000000a5b00000, 0x00000000e0000000)
  object space 93184K, 28% used [0x00000000a0000000,0x00000000a1a16b80,0x00000000a5b00000)
 Metaspace       used 55995K, capacity 57440K, committed 57768K, reserved 1099776K
  class space    used 7616K, capacity 8017K, committed 8104K, reserved 1048576K
}
Event: 11.582 GC heap before
{Heap before GC invocations=14 (full 2):
 PSYoungGen      total 157184K, used 44181K [0x00000000e0000000, 0x00000000eb800000, 0x0000000100000000)
  eden space 142848K, 21% used [0x00000000e0000000,0x00000000e1d86348,0x00000000e8b80000)
  from space 14336K, 97% used [0x00000000e8b80000,0x00000000e991f328,0x00000000e9980000)
  to   space 15872K, 0% used [0x00000000ea880000,0x00000000ea880000,0x00000000eb800000)
 ParOldGen       total 93184K, used 26714K [0x00000000a0000000, 0x00000000a5b00000, 0x00000000e0000000)
  object space 93184K, 28% used [0x00000000a0000000,0x00000000a1a16b80,0x00000000a5b00000)
 Metaspace       used 57613K, capacity 59156K, committed 59160K, reserved 1099776K
  class space    used 7814K, capacity 8229K, committed 8232K, reserved 1048576K
Event: 11.623 GC heap after
Heap after GC invocations=14 (full 2):
 PSYoungGen      total 173056K, used 8624K [0x00000000e0000000, 0x00000000ece00000, 0x0000000100000000)
  eden space 157184K, 0% used [0x00000000e0000000,0x00000000e0000000,0x00000000e9980000)
  from space 15872K, 54% used [0x00000000ea880000,0x00000000eb0ec0a8,0x00000000eb800000)
  to   space 15360K, 0% used [0x00000000e9980000,0x00000000e9980000,0x00000000ea880000)
 ParOldGen       total 93184K, used 26786K [0x00000000a0000000, 0x00000000a5b00000, 0x00000000e0000000)
  object space 93184K, 28% used [0x00000000a0000000,0x00000000a1a28b90,0x00000000a5b00000)
 Metaspace       used 57613K, capacity 59156K, committed 59160K, reserved 1099776K
  class space    used 7814K, capacity 8229K, committed 8232K, reserved 1048576K
}
Event: 11.623 GC heap before
{Heap before GC invocations=15 (full 3):
 PSYoungGen      total 173056K, used 8624K [0x00000000e0000000, 0x00000000ece00000, 0x0000000100000000)
  eden space 157184K, 0% used [0x00000000e0000000,0x00000000e0000000,0x00000000e9980000)
  from space 15872K, 54% used [0x00000000ea880000,0x00000000eb0ec0a8,0x00000000eb800000)
  to   space 15360K, 0% used [0x00000000e9980000,0x00000000e9980000,0x00000000ea880000)
 ParOldGen       total 93184K, used 26786K [0x00000000a0000000, 0x00000000a5b00000, 0x00000000e0000000)
  object space 93184K, 28% used [0x00000000a0000000,0x00000000a1a28b90,0x00000000a5b00000)
 Metaspace       used 57613K, capacity 59156K, committed 59160K, reserved 1099776K
  class space    used 7814K, capacity 8229K, committed 8232K, reserved 1048576K
Event: 11.981 GC heap after
Heap after GC invocations=15 (full 3):
 PSYoungGen      total 173056K, used 0K [0x00000000e0000000, 0x00000000ece00000, 0x0000000100000000)
  eden space 157184K, 0% used [0x00000000e0000000,0x00000000e0000000,0x00000000e9980000)
  from space 15872K, 0% used [0x00000000ea880000,0x00000000ea880000,0x00000000eb800000)
  to   space 15360K, 0% used [0x00000000e9980000,0x00000000e9980000,0x00000000ea880000)
 ParOldGen       total 93184K, used 30702K [0x00000000a0000000, 0x00000000a5b00000, 0x00000000e0000000)
  object space 93184K, 32% used [0x00000000a0000000,0x00000000a1dfba98,0x00000000a5b00000)
 Metaspace       used 57613K, capacity 59156K, committed 59160K, reserved 1099776K
  class space    used 7814K, capacity 8229K, committed 8232K, reserved 1048576K
}

