# JRE version: OpenJDK Runtime Environment (8.0_202-b03) (build 1.8.0_202-release-1483-b03)
# Java VM: OpenJDK 64-Bit Server VM (25.202-b03 mixed mode windows-amd64 compressed oops)
Heap:
 PSYoungGen      total 116736K, used 25818K [0x00000000e0000000, 0x00000000e7f80000, 0x0000000100000000)
  eden space 105984K, 16% used [0x00000000e0000000,0x00000000e10dc710,0x00000000e6780000)
  from space 10752K, 79% used [0x00000000e7280000,0x00000000e7ada100,0x00000000e7d00000)
  to   space 11264K, 0% used [0x00000000e6780000,0x00000000e6780000,0x00000000e7280000)
 ParOldGen       total 57344K, used 8502K [0x00000000a0000000, 0x00000000a3800000, 0x00000000e0000000)
  object space 57344K, 14% used [0x00000000a0000000,0x00000000a084dbf8,0x00000000a3800000)
 Metaspace       used 33343K, capacity 33974K, committed 34304K, reserved 1079296K
  class space    used 4600K, capacity 4824K, committed 4864K, reserved 1048576K
GC Heap History (10 events):
Event: 4.001 GC heap before
{Heap before GC invocations=5 (full 0):
 PSYoungGen      total 37888K, used 37880K [0x00000000e0000000, 0x00000000e4a00000, 0x0000000100000000)
  eden space 32768K, 100% used [0x00000000e0000000,0x00000000e2000000,0x00000000e2000000)
  from space 5120K, 99% used [0x00000000e2500000,0x00000000e29fe0f0,0x00000000e2a00000)
  to   space 5120K, 0% used [0x00000000e2000000,0x00000000e2000000,0x00000000e2500000)
 ParOldGen       total 86016K, used 4685K [0x00000000a0000000, 0x00000000a5400000, 0x00000000e0000000)
  object space 86016K, 5% used [0x00000000a0000000,0x00000000a0493688,0x00000000a5400000)
 Metaspace       used 18949K, capacity 19468K, committed 19584K, reserved 1067008K
  class space    used 2746K, capacity 2926K, committed 2944K, reserved 1048576K
Event: 4.013 GC heap after
Heap after GC invocations=5 (full 0):
 PSYoungGen      total 37888K, used 5104K [0x00000000e0000000, 0x00000000e5500000, 0x0000000100000000)
  eden space 32768K, 0% used [0x00000000e0000000,0x00000000e0000000,0x00000000e2000000)
  from space 5120K, 99% used [0x00000000e2000000,0x00000000e24fc040,0x00000000e2500000)
  to   space 10752K, 0% used [0x00000000e4a80000,0x00000000e4a80000,0x00000000e5500000)
 ParOldGen       total 86016K, used 8386K [0x00000000a0000000, 0x00000000a5400000, 0x00000000e0000000)
  object space 86016K, 9% used [0x00000000a0000000,0x00000000a0830968,0x00000000a5400000)
 Metaspace       used 18949K, capacity 19468K, committed 19584K, reserved 1067008K
  class space    used 2746K, capacity 2926K, committed 2944K, reserved 1048576K
}
Event: 4.210 GC heap before
{Heap before GC invocations=6 (full 0):
 PSYoungGen      total 37888K, used 18633K [0x00000000e0000000, 0x00000000e5500000, 0x0000000100000000)
  eden space 32768K, 41% used [0x00000000e0000000,0x00000000e0d363f8,0x00000000e2000000)
  from space 5120K, 99% used [0x00000000e2000000,0x00000000e24fc040,0x00000000e2500000)
  to   space 10752K, 0% used [0x00000000e4a80000,0x00000000e4a80000,0x00000000e5500000)
 ParOldGen       total 86016K, used 8386K [0x00000000a0000000, 0x00000000a5400000, 0x00000000e0000000)
  object space 86016K, 9% used [0x00000000a0000000,0x00000000a0830968,0x00000000a5400000)
 Metaspace       used 20690K, capacity 21138K, committed 21296K, reserved 1067008K
  class space    used 2953K, capacity 3119K, committed 3200K, reserved 1048576K
Event: 4.219 GC heap after
Heap after GC invocations=6 (full 0):
 PSYoungGen      total 75264K, used 7341K [0x00000000e0000000, 0x00000000e5400000, 0x0000000100000000)
  eden space 65536K, 0% used [0x00000000e0000000,0x00000000e0000000,0x00000000e4000000)
  from space 9728K, 75% used [0x00000000e4a80000,0x00000000e51ab758,0x00000000e5400000)
  to   space 10240K, 0% used [0x00000000e4000000,0x00000000e4000000,0x00000000e4a00000)
 ParOldGen       total 86016K, used 8394K [0x00000000a0000000, 0x00000000a5400000, 0x00000000e0000000)
  object space 86016K, 9% used [0x00000000a0000000,0x00000000a0832968,0x00000000a5400000)
 Metaspace       used 20690K, capacity 21138K, committed 21296K, reserved 1067008K
  class space    used 2953K, capacity 3119K, committed 3200K, reserved 1048576K
}
Event: 4.219 GC heap before
{Heap before GC invocations=7 (full 1):
 PSYoungGen      total 75264K, used 7341K [0x00000000e0000000, 0x00000000e5400000, 0x0000000100000000)
  eden space 65536K, 0% used [0x00000000e0000000,0x00000000e0000000,0x00000000e4000000)
  from space 9728K, 75% used [0x00000000e4a80000,0x00000000e51ab758,0x00000000e5400000)
  to   space 10240K, 0% used [0x00000000e4000000,0x00000000e4000000,0x00000000e4a00000)
 ParOldGen       total 86016K, used 8394K [0x00000000a0000000, 0x00000000a5400000, 0x00000000e0000000)
  object space 86016K, 9% used [0x00000000a0000000,0x00000000a0832968,0x00000000a5400000)
 Metaspace       used 20690K, capacity 21138K, committed 21296K, reserved 1067008K
  class space    used 2953K, capacity 3119K, committed 3200K, reserved 1048576K
Event: 4.267 GC heap after
Heap after GC invocations=7 (full 1):
 PSYoungGen      total 75264K, used 0K [0x00000000e0000000, 0x00000000e5400000, 0x0000000100000000)
  eden space 65536K, 0% used [0x00000000e0000000,0x00000000e0000000,0x00000000e4000000)
  from space 9728K, 0% used [0x00000000e4a80000,0x00000000e4a80000,0x00000000e5400000)
  to   space 10240K, 0% used [0x00000000e4000000,0x00000000e4000000,0x00000000e4a00000)
 ParOldGen       total 57344K, used 8486K [0x00000000a0000000, 0x00000000a3800000, 0x00000000e0000000)
  object space 57344K, 14% used [0x00000000a0000000,0x00000000a0849bf8,0x00000000a3800000)
 Metaspace       used 20690K, capacity 21138K, committed 21296K, reserved 1067008K
  class space    used 2953K, capacity 3119K, committed 3200K, reserved 1048576K
}
Event: 5.184 GC heap before
{Heap before GC invocations=8 (full 1):
 PSYoungGen      total 75264K, used 65536K [0x00000000e0000000, 0x00000000e5400000, 0x0000000100000000)
  eden space 65536K, 100% used [0x00000000e0000000,0x00000000e4000000,0x00000000e4000000)
  from space 9728K, 0% used [0x00000000e4a80000,0x00000000e4a80000,0x00000000e5400000)
  to   space 10240K, 0% used [0x00000000e4000000,0x00000000e4000000,0x00000000e4a00000)
 ParOldGen       total 57344K, used 8486K [0x00000000a0000000, 0x00000000a3800000, 0x00000000e0000000)
  object space 57344K, 14% used [0x00000000a0000000,0x00000000a0849bf8,0x00000000a3800000)
 Metaspace       used 29004K, capacity 29478K, committed 29696K, reserved 1075200K
  class space    used 3919K, capacity 4096K, committed 4096K, reserved 1048576K
Event: 5.193 GC heap after
Heap after GC invocations=8 (full 1):
 PSYoungGen      total 75776K, used 8012K [0x00000000e0000000, 0x00000000e7d00000, 0x0000000100000000)
  eden space 65536K, 0% used [0x00000000e0000000,0x00000000e0000000,0x00000000e4000000)
  from space 10240K, 78% used [0x00000000e4000000,0x00000000e47d3230,0x00000000e4a00000)
  to   space 10752K, 0% used [0x00000000e7280000,0x00000000e7280000,0x00000000e7d00000)
 ParOldGen       total 57344K, used 8494K [0x00000000a0000000, 0x00000000a3800000, 0x00000000e0000000)
  object space 57344K, 14% used [0x00000000a0000000,0x00000000a084bbf8,0x00000000a3800000)
 Metaspace       used 29004K, capacity 29478K, committed 29696K, reserved 1075200K
  class space    used 3919K, capacity 4096K, committed 4096K, reserved 1048576K
}
Event: 5.834 GC heap before
{Heap before GC invocations=9 (full 1):
 PSYoungGen      total 75776K, used 73548K [0x00000000e0000000, 0x00000000e7d00000, 0x0000000100000000)
  eden space 65536K, 100% used [0x00000000e0000000,0x00000000e4000000,0x00000000e4000000)
  from space 10240K, 78% used [0x00000000e4000000,0x00000000e47d3230,0x00000000e4a00000)
  to   space 10752K, 0% used [0x00000000e7280000,0x00000000e7280000,0x00000000e7d00000)
 ParOldGen       total 57344K, used 8494K [0x00000000a0000000, 0x00000000a3800000, 0x00000000e0000000)
  object space 57344K, 14% used [0x00000000a0000000,0x00000000a084bbf8,0x00000000a3800000)
 Metaspace       used 32282K, capacity 32810K, committed 33152K, reserved 1077248K
  class space    used 4456K, capacity 4652K, committed 4736K, reserved 1048576K
Event: 5.851 GC heap after
Heap after GC invocations=9 (full 1):
 PSYoungGen      total 116736K, used 8552K [0x00000000e0000000, 0x00000000e7f80000, 0x0000000100000000)
  eden space 105984K, 0% used [0x00000000e0000000,0x00000000e0000000,0x00000000e6780000)
  from space 10752K, 79% used [0x00000000e7280000,0x00000000e7ada100,0x00000000e7d00000)
  to   space 11264K, 0% used [0x00000000e6780000,0x00000000e6780000,0x00000000e7280000)
 ParOldGen       total 57344K, used 8502K [0x00000000a0000000, 0x00000000a3800000, 0x00000000e0000000)
  object space 57344K, 14% used [0x00000000a0000000,0x00000000a084dbf8,0x00000000a3800000)
 Metaspace       used 32282K, capacity 32810K, committed 33152K, reserved 1077248K
  class space    used 4456K, capacity 4652K, committed 4736K, reserved 1048576K
}

