# JRE version: OpenJDK Runtime Environment (8.0_202-b03) (build 1.8.0_202-release-1483-b03)
# Java VM: OpenJDK 64-Bit Server VM (25.202-b03 mixed mode windows-amd64 compressed oops)
Heap:
 PSYoungGen      total 293376K, used 196258K [0x00000000e0000000, 0x00000000f4000000, 0x0000000100000000)
  eden space 261120K, 66% used [0x00000000e0000000,0x00000000eaacb7a0,0x00000000eff00000)
  from space 32256K, 66% used [0x00000000f1d00000,0x00000000f31dd068,0x00000000f3c80000)
  to   space 30720K, 0% used [0x00000000eff00000,0x00000000eff00000,0x00000000f1d00000)
 ParOldGen       total 134656K, used 70854K [0x00000000a0000000, 0x00000000a8380000, 0x00000000e0000000)
  object space 134656K, 52% used [0x00000000a0000000,0x00000000a4531aa0,0x00000000a8380000)
 Metaspace       used 69601K, capacity 72426K, committed 72728K, reserved 1112064K
  class space    used 9351K, capacity 9934K, committed 10024K, reserved 1048576K
GC Heap History (10 events):
Event: 27.758 GC heap before
{Heap before GC invocations=27 (full 3):
 PSYoungGen      total 291840K, used 283650K [0x00000000e0000000, 0x00000000f4000000, 0x0000000100000000)
  eden space 261120K, 100% used [0x00000000e0000000,0x00000000eff00000,0x00000000eff00000)
  from space 30720K, 73% used [0x00000000eff00000,0x00000000f1500a18,0x00000000f1d00000)
  to   space 32256K, 0% used [0x00000000f1d00000,0x00000000f1d00000,0x00000000f3c80000)
 ParOldGen       total 134656K, used 69430K [0x00000000a0000000, 0x00000000a8380000, 0x00000000e0000000)
  object space 134656K, 51% used [0x00000000a0000000,0x00000000a43cdaa0,0x00000000a8380000)
 Metaspace       used 69547K, capacity 72362K, committed 72472K, reserved 1112064K
  class space    used 9349K, capacity 9934K, committed 10024K, reserved 1048576K
Event: 27.789 GC heap after
Heap after GC invocations=27 (full 3):
 PSYoungGen      total 293376K, used 29133K [0x00000000e0000000, 0x00000000f4000000, 0x0000000100000000)
  eden space 261120K, 0% used [0x00000000e0000000,0x00000000e0000000,0x00000000eff00000)
  from space 32256K, 90% used [0x00000000f1d00000,0x00000000f39734c8,0x00000000f3c80000)
  to   space 30720K, 0% used [0x00000000eff00000,0x00000000eff00000,0x00000000f1d00000)
 ParOldGen       total 134656K, used 69438K [0x00000000a0000000, 0x00000000a8380000, 0x00000000e0000000)
  object space 134656K, 51% used [0x00000000a0000000,0x00000000a43cfaa0,0x00000000a8380000)
 Metaspace       used 69547K, capacity 72362K, committed 72472K, reserved 1112064K
  class space    used 9349K, capacity 9934K, committed 10024K, reserved 1048576K
}
Event: 28.615 GC heap before
{Heap before GC invocations=28 (full 3):
 PSYoungGen      total 293376K, used 290253K [0x00000000e0000000, 0x00000000f4000000, 0x0000000100000000)
  eden space 261120K, 100% used [0x00000000e0000000,0x00000000eff00000,0x00000000eff00000)
  from space 32256K, 90% used [0x00000000f1d00000,0x00000000f39734c8,0x00000000f3c80000)
  to   space 30720K, 0% used [0x00000000eff00000,0x00000000eff00000,0x00000000f1d00000)
 ParOldGen       total 134656K, used 69438K [0x00000000a0000000, 0x00000000a8380000, 0x00000000e0000000)
  object space 134656K, 51% used [0x00000000a0000000,0x00000000a43cfaa0,0x00000000a8380000)
 Metaspace       used 69556K, capacity 72426K, committed 72728K, reserved 1112064K
  class space    used 9349K, capacity 9934K, committed 10024K, reserved 1048576K
Event: 28.651 GC heap after
Heap after GC invocations=28 (full 3):
 PSYoungGen      total 291840K, used 30525K [0x00000000e0000000, 0x00000000f4000000, 0x0000000100000000)
  eden space 261120K, 0% used [0x00000000e0000000,0x00000000e0000000,0x00000000eff00000)
  from space 30720K, 99% used [0x00000000eff00000,0x00000000f1ccf6b8,0x00000000f1d00000)
  to   space 32256K, 0% used [0x00000000f1d00000,0x00000000f1d00000,0x00000000f3c80000)
 ParOldGen       total 134656K, used 69438K [0x00000000a0000000, 0x00000000a8380000, 0x00000000e0000000)
  object space 134656K, 51% used [0x00000000a0000000,0x00000000a43cfaa0,0x00000000a8380000)
 Metaspace       used 69556K, capacity 72426K, committed 72728K, reserved 1112064K
  class space    used 9349K, capacity 9934K, committed 10024K, reserved 1048576K
}
Event: 29.566 GC heap before
{Heap before GC invocations=29 (full 3):
 PSYoungGen      total 291840K, used 291645K [0x00000000e0000000, 0x00000000f4000000, 0x0000000100000000)
  eden space 261120K, 100% used [0x00000000e0000000,0x00000000eff00000,0x00000000eff00000)
  from space 30720K, 99% used [0x00000000eff00000,0x00000000f1ccf6b8,0x00000000f1d00000)
  to   space 32256K, 0% used [0x00000000f1d00000,0x00000000f1d00000,0x00000000f3c80000)
 ParOldGen       total 134656K, used 69438K [0x00000000a0000000, 0x00000000a8380000, 0x00000000e0000000)
  object space 134656K, 51% used [0x00000000a0000000,0x00000000a43cfaa0,0x00000000a8380000)
 Metaspace       used 69563K, capacity 72426K, committed 72728K, reserved 1112064K
  class space    used 9349K, capacity 9934K, committed 10024K, reserved 1048576K
Event: 29.609 GC heap after
Heap after GC invocations=29 (full 3):
 PSYoungGen      total 293376K, used 28974K [0x00000000e0000000, 0x00000000f4000000, 0x0000000100000000)
  eden space 261120K, 0% used [0x00000000e0000000,0x00000000e0000000,0x00000000eff00000)
  from space 32256K, 89% used [0x00000000f1d00000,0x00000000f394b808,0x00000000f3c80000)
  to   space 30720K, 0% used [0x00000000eff00000,0x00000000eff00000,0x00000000f1d00000)
 ParOldGen       total 134656K, used 69438K [0x00000000a0000000, 0x00000000a8380000, 0x00000000e0000000)
  object space 134656K, 51% used [0x00000000a0000000,0x00000000a43cfaa0,0x00000000a8380000)
 Metaspace       used 69563K, capacity 72426K, committed 72728K, reserved 1112064K
  class space    used 9349K, capacity 9934K, committed 10024K, reserved 1048576K
}
Event: 31.136 GC heap before
{Heap before GC invocations=30 (full 3):
 PSYoungGen      total 293376K, used 290094K [0x00000000e0000000, 0x00000000f4000000, 0x0000000100000000)
  eden space 261120K, 100% used [0x00000000e0000000,0x00000000eff00000,0x00000000eff00000)
  from space 32256K, 89% used [0x00000000f1d00000,0x00000000f394b808,0x00000000f3c80000)
  to   space 30720K, 0% used [0x00000000eff00000,0x00000000eff00000,0x00000000f1d00000)
 ParOldGen       total 134656K, used 69438K [0x00000000a0000000, 0x00000000a8380000, 0x00000000e0000000)
  object space 134656K, 51% used [0x00000000a0000000,0x00000000a43cfaa0,0x00000000a8380000)
 Metaspace       used 69573K, capacity 72426K, committed 72728K, reserved 1112064K
  class space    used 9349K, capacity 9934K, committed 10024K, reserved 1048576K
Event: 31.186 GC heap after
Heap after GC invocations=30 (full 3):
 PSYoungGen      total 291840K, used 22376K [0x00000000e0000000, 0x00000000f4000000, 0x0000000100000000)
  eden space 261120K, 0% used [0x00000000e0000000,0x00000000e0000000,0x00000000eff00000)
  from space 30720K, 72% used [0x00000000eff00000,0x00000000f14da018,0x00000000f1d00000)
  to   space 32256K, 0% used [0x00000000f1d00000,0x00000000f1d00000,0x00000000f3c80000)
 ParOldGen       total 134656K, used 70854K [0x00000000a0000000, 0x00000000a8380000, 0x00000000e0000000)
  object space 134656K, 52% used [0x00000000a0000000,0x00000000a4531aa0,0x00000000a8380000)
 Metaspace       used 69573K, capacity 72426K, committed 72728K, reserved 1112064K
  class space    used 9349K, capacity 9934K, committed 10024K, reserved 1048576K
}
Event: 33.270 GC heap before
{Heap before GC invocations=31 (full 3):
 PSYoungGen      total 291840K, used 283496K [0x00000000e0000000, 0x00000000f4000000, 0x0000000100000000)
  eden space 261120K, 100% used [0x00000000e0000000,0x00000000eff00000,0x00000000eff00000)
  from space 30720K, 72% used [0x00000000eff00000,0x00000000f14da018,0x00000000f1d00000)
  to   space 32256K, 0% used [0x00000000f1d00000,0x00000000f1d00000,0x00000000f3c80000)
 ParOldGen       total 134656K, used 70854K [0x00000000a0000000, 0x00000000a8380000, 0x00000000e0000000)
  object space 134656K, 52% used [0x00000000a0000000,0x00000000a4531aa0,0x00000000a8380000)
 Metaspace       used 69596K, capacity 72426K, committed 72728K, reserved 1112064K
  class space    used 9351K, capacity 9934K, committed 10024K, reserved 1048576K
Event: 33.362 GC heap after
Heap after GC invocations=31 (full 3):
 PSYoungGen      total 293376K, used 21364K [0x00000000e0000000, 0x00000000f4000000, 0x0000000100000000)
  eden space 261120K, 0% used [0x00000000e0000000,0x00000000e0000000,0x00000000eff00000)
  from space 32256K, 66% used [0x00000000f1d00000,0x00000000f31dd068,0x00000000f3c80000)
  to   space 30720K, 0% used [0x00000000eff00000,0x00000000eff00000,0x00000000f1d00000)
 ParOldGen       total 134656K, used 70854K [0x00000000a0000000, 0x00000000a8380000, 0x00000000e0000000)
  object space 134656K, 52% used [0x00000000a0000000,0x00000000a4531aa0,0x00000000a8380000)
 Metaspace       used 69596K, capacity 72426K, committed 72728K, reserved 1112064K
  class space    used 9351K, capacity 9934K, committed 10024K, reserved 1048576K
}

