# JRE version: OpenJDK Runtime Environment (8.0_202-b03) (build 1.8.0_202-release-1483-b03)
# Java VM: OpenJDK 64-Bit Server VM (25.202-b03 mixed mode windows-amd64 compressed oops)
Heap:
 PSYoungGen      total 151552K, used 35850K [0x00000000e0000000, 0x00000000eb100000, 0x0000000100000000)
  eden space 139264K, 16% used [0x00000000e0000000,0x00000000e17089b8,0x00000000e8800000)
  from space 12288K, 99% used [0x00000000ea500000,0x00000000eb0fa218,0x00000000eb100000)
  to   space 14336K, 0% used [0x00000000e9500000,0x00000000e9500000,0x00000000ea300000)
 ParOldGen       total 87040K, used 20360K [0x00000000a0000000, 0x00000000a5500000, 0x00000000e0000000)
  object space 87040K, 23% used [0x00000000a0000000,0x00000000a13e2160,0x00000000a5500000)
 Metaspace       used 47930K, capacity 49226K, committed 49320K, reserved 1091584K
  class space    used 6475K, capacity 6816K, committed 6824K, reserved 1048576K
GC Heap History (10 events):
Event: 6.215 GC heap before
{Heap before GC invocations=8 (full 1):
 PSYoungGen      total 75264K, used 65536K [0x00000000e0000000, 0x00000000e5400000, 0x0000000100000000)
  eden space 65536K, 100% used [0x00000000e0000000,0x00000000e4000000,0x00000000e4000000)
  from space 9728K, 0% used [0x00000000e4a80000,0x00000000e4a80000,0x00000000e5400000)
  to   space 10240K, 0% used [0x00000000e4000000,0x00000000e4000000,0x00000000e4a00000)
 ParOldGen       total 56320K, used 8487K [0x00000000a0000000, 0x00000000a3700000, 0x00000000e0000000)
  object space 56320K, 15% used [0x00000000a0000000,0x00000000a0849ff8,0x00000000a3700000)
 Metaspace       used 29000K, capacity 29578K, committed 29824K, reserved 1075200K
  class space    used 3923K, capacity 4128K, committed 4224K, reserved 1048576K
Event: 6.231 GC heap after
Heap after GC invocations=8 (full 1):
 PSYoungGen      total 75776K, used 7970K [0x00000000e0000000, 0x00000000e8080000, 0x0000000100000000)
  eden space 65536K, 0% used [0x00000000e0000000,0x00000000e0000000,0x00000000e4000000)
  from space 10240K, 77% used [0x00000000e4000000,0x00000000e47c8a70,0x00000000e4a00000)
  to   space 10752K, 0% used [0x00000000e7600000,0x00000000e7600000,0x00000000e8080000)
 ParOldGen       total 56320K, used 8495K [0x00000000a0000000, 0x00000000a3700000, 0x00000000e0000000)
  object space 56320K, 15% used [0x00000000a0000000,0x00000000a084bff8,0x00000000a3700000)
 Metaspace       used 29000K, capacity 29578K, committed 29824K, reserved 1075200K
  class space    used 3923K, capacity 4128K, committed 4224K, reserved 1048576K
}
Event: 7.003 GC heap before
{Heap before GC invocations=9 (full 1):
 PSYoungGen      total 75776K, used 73506K [0x00000000e0000000, 0x00000000e8080000, 0x0000000100000000)
  eden space 65536K, 100% used [0x00000000e0000000,0x00000000e4000000,0x00000000e4000000)
  from space 10240K, 77% used [0x00000000e4000000,0x00000000e47c8a70,0x00000000e4a00000)
  to   space 10752K, 0% used [0x00000000e7600000,0x00000000e7600000,0x00000000e8080000)
 ParOldGen       total 56320K, used 8495K [0x00000000a0000000, 0x00000000a3700000, 0x00000000e0000000)
  object space 56320K, 15% used [0x00000000a0000000,0x00000000a084bff8,0x00000000a3700000)
 Metaspace       used 32269K, capacity 32814K, committed 33152K, reserved 1077248K
  class space    used 4460K, capacity 4652K, committed 4736K, reserved 1048576K
Event: 7.013 GC heap after
Heap after GC invocations=9 (full 1):
 PSYoungGen      total 118784K, used 8546K [0x00000000e0000000, 0x00000000e7f80000, 0x0000000100000000)
  eden space 109056K, 0% used [0x00000000e0000000,0x00000000e0000000,0x00000000e6a80000)
  from space 9728K, 87% used [0x00000000e7600000,0x00000000e7e58b28,0x00000000e7f80000)
  to   space 10752K, 0% used [0x00000000e6a80000,0x00000000e6a80000,0x00000000e7500000)
 ParOldGen       total 56320K, used 8503K [0x00000000a0000000, 0x00000000a3700000, 0x00000000e0000000)
  object space 56320K, 15% used [0x00000000a0000000,0x00000000a084dff8,0x00000000a3700000)
 Metaspace       used 32269K, capacity 32814K, committed 33152K, reserved 1077248K
  class space    used 4460K, capacity 4652K, committed 4736K, reserved 1048576K
}
Event: 7.922 GC heap before
{Heap before GC invocations=10 (full 1):
 PSYoungGen      total 118784K, used 59316K [0x00000000e0000000, 0x00000000e7f80000, 0x0000000100000000)
  eden space 109056K, 46% used [0x00000000e0000000,0x00000000e31944f8,0x00000000e6a80000)
  from space 9728K, 87% used [0x00000000e7600000,0x00000000e7e58b28,0x00000000e7f80000)
  to   space 10752K, 0% used [0x00000000e6a80000,0x00000000e6a80000,0x00000000e7500000)
 ParOldGen       total 56320K, used 8503K [0x00000000a0000000, 0x00000000a3700000, 0x00000000e0000000)
  object space 56320K, 15% used [0x00000000a0000000,0x00000000a084dff8,0x00000000a3700000)
 Metaspace       used 34721K, capacity 35440K, committed 35496K, reserved 1079296K
  class space    used 4791K, capacity 4997K, committed 5032K, reserved 1048576K
Event: 7.964 GC heap after
Heap after GC invocations=10 (full 1):
 PSYoungGen      total 119808K, used 10726K [0x00000000e0000000, 0x00000000eb100000, 0x0000000100000000)
  eden space 109056K, 0% used [0x00000000e0000000,0x00000000e0000000,0x00000000e6a80000)
  from space 10752K, 99% used [0x00000000e6a80000,0x00000000e74f9a88,0x00000000e7500000)
  to   space 12288K, 0% used [0x00000000ea500000,0x00000000ea500000,0x00000000eb100000)
 ParOldGen       total 56320K, used 8736K [0x00000000a0000000, 0x00000000a3700000, 0x00000000e0000000)
  object space 56320K, 15% used [0x00000000a0000000,0x00000000a08882a0,0x00000000a3700000)
 Metaspace       used 34721K, capacity 35440K, committed 35496K, reserved 1079296K
  class space    used 4791K, capacity 4997K, committed 5032K, reserved 1048576K
}
Event: 7.964 GC heap before
{Heap before GC invocations=11 (full 2):
 PSYoungGen      total 119808K, used 10726K [0x00000000e0000000, 0x00000000eb100000, 0x0000000100000000)
  eden space 109056K, 0% used [0x00000000e0000000,0x00000000e0000000,0x00000000e6a80000)
  from space 10752K, 99% used [0x00000000e6a80000,0x00000000e74f9a88,0x00000000e7500000)
  to   space 12288K, 0% used [0x00000000ea500000,0x00000000ea500000,0x00000000eb100000)
 ParOldGen       total 56320K, used 8736K [0x00000000a0000000, 0x00000000a3700000, 0x00000000e0000000)
  object space 56320K, 15% used [0x00000000a0000000,0x00000000a08882a0,0x00000000a3700000)
 Metaspace       used 34721K, capacity 35440K, committed 35496K, reserved 1079296K
  class space    used 4791K, capacity 4997K, committed 5032K, reserved 1048576K
Event: 8.082 GC heap after
Heap after GC invocations=11 (full 2):
 PSYoungGen      total 119808K, used 0K [0x00000000e0000000, 0x00000000eb100000, 0x0000000100000000)
  eden space 109056K, 0% used [0x00000000e0000000,0x00000000e0000000,0x00000000e6a80000)
  from space 10752K, 0% used [0x00000000e6a80000,0x00000000e6a80000,0x00000000e7500000)
  to   space 12288K, 0% used [0x00000000ea500000,0x00000000ea500000,0x00000000eb100000)
 ParOldGen       total 87040K, used 17841K [0x00000000a0000000, 0x00000000a5500000, 0x00000000e0000000)
  object space 87040K, 20% used [0x00000000a0000000,0x00000000a116c640,0x00000000a5500000)
 Metaspace       used 34708K, capacity 35398K, committed 35496K, reserved 1079296K
  class space    used 4787K, capacity 4990K, committed 5032K, reserved 1048576K
}
Event: 9.752 GC heap before
{Heap before GC invocations=12 (full 2):
 PSYoungGen      total 119808K, used 109056K [0x00000000e0000000, 0x00000000eb100000, 0x0000000100000000)
  eden space 109056K, 100% used [0x00000000e0000000,0x00000000e6a80000,0x00000000e6a80000)
  from space 10752K, 0% used [0x00000000e6a80000,0x00000000e6a80000,0x00000000e7500000)
  to   space 12288K, 0% used [0x00000000ea500000,0x00000000ea500000,0x00000000eb100000)
 ParOldGen       total 87040K, used 17841K [0x00000000a0000000, 0x00000000a5500000, 0x00000000e0000000)
  object space 87040K, 20% used [0x00000000a0000000,0x00000000a116c640,0x00000000a5500000)
 Metaspace       used 45313K, capacity 46278K, committed 46376K, reserved 1089536K
  class space    used 6118K, capacity 6414K, committed 6440K, reserved 1048576K
Event: 9.772 GC heap after
Heap after GC invocations=12 (full 2):
 PSYoungGen      total 151552K, used 12264K [0x00000000e0000000, 0x00000000eb100000, 0x0000000100000000)
  eden space 139264K, 0% used [0x00000000e0000000,0x00000000e0000000,0x00000000e8800000)
  from space 12288K, 99% used [0x00000000ea500000,0x00000000eb0fa218,0x00000000eb100000)
  to   space 14336K, 0% used [0x00000000e9500000,0x00000000e9500000,0x00000000ea300000)
 ParOldGen       total 87040K, used 20360K [0x00000000a0000000, 0x00000000a5500000, 0x00000000e0000000)
  object space 87040K, 23% used [0x00000000a0000000,0x00000000a13e2160,0x00000000a5500000)
 Metaspace       used 45313K, capacity 46278K, committed 46376K, reserved 1089536K
  class space    used 6118K, capacity 6414K, committed 6440K, reserved 1048576K
}

