# JRE version: OpenJDK Runtime Environment (8.0_202-b03) (build 1.8.0_202-release-1483-b03)
# Java VM: OpenJDK 64-Bit Server VM (25.202-b03 mixed mode windows-amd64 compressed oops)
Heap:
 PSYoungGen      total 263680K, used 73600K [0x00000000e0000000, 0x00000000f4480000, 0x0000000100000000)
  eden space 232960K, 27% used [0x00000000e0000000,0x00000000e3f9feb8,0x00000000ee380000)
  from space 30720K, 27% used [0x00000000ee380000,0x00000000eebc0330,0x00000000f0180000)
  to   space 30208K, 0% used [0x00000000f2700000,0x00000000f2700000,0x00000000f4480000)
 ParOldGen       total 113664K, used 79157K [0x00000000a0000000, 0x00000000a6f00000, 0x00000000e0000000)
  object space 113664K, 69% used [0x00000000a0000000,0x00000000a4d4d710,0x00000000a6f00000)
 Metaspace       used 87362K, capacity 91056K, committed 91352K, reserved 1128448K
  class space    used 11255K, capacity 11985K, committed 12032K, reserved 1048576K
GC Heap History (10 events):
Event: 3014.830 GC heap before
{Heap before GC invocations=22 (full 3):
 PSYoungGen      total 202240K, used 202209K [0x00000000e0000000, 0x00000000ef080000, 0x0000000100000000)
  eden space 175104K, 100% used [0x00000000e0000000,0x00000000eab00000,0x00000000eab00000)
  from space 27136K, 99% used [0x00000000ecd00000,0x00000000ee778578,0x00000000ee780000)
  to   space 34816K, 0% used [0x00000000eab00000,0x00000000eab00000,0x00000000ecd00000)
 ParOldGen       total 113664K, used 61697K [0x00000000a0000000, 0x00000000a6f00000, 0x00000000e0000000)
  object space 113664K, 54% used [0x00000000a0000000,0x00000000a3c405b8,0x00000000a6f00000)
 Metaspace       used 84889K, capacity 88294K, committed 88536K, reserved 1126400K
  class space    used 11079K, capacity 11772K, committed 11776K, reserved 1048576K
Event: 3015.091 GC heap after
Heap after GC invocations=22 (full 3):
 PSYoungGen      total 209920K, used 18903K [0x00000000e0000000, 0x00000000f0600000, 0x0000000100000000)
  eden space 175104K, 0% used [0x00000000e0000000,0x00000000e0000000,0x00000000eab00000)
  from space 34816K, 54% used [0x00000000eab00000,0x00000000ebd75d58,0x00000000ecd00000)
  to   space 34304K, 0% used [0x00000000ee480000,0x00000000ee480000,0x00000000f0600000)
 ParOldGen       total 113664K, used 79141K [0x00000000a0000000, 0x00000000a6f00000, 0x00000000e0000000)
  object space 113664K, 69% used [0x00000000a0000000,0x00000000a4d49710,0x00000000a6f00000)
 Metaspace       used 84889K, capacity 88294K, committed 88536K, reserved 1126400K
  class space    used 11079K, capacity 11772K, committed 11776K, reserved 1048576K
}
Event: 3018.532 GC heap before
{Heap before GC invocations=23 (full 3):
 PSYoungGen      total 209920K, used 194007K [0x00000000e0000000, 0x00000000f0600000, 0x0000000100000000)
  eden space 175104K, 100% used [0x00000000e0000000,0x00000000eab00000,0x00000000eab00000)
  from space 34816K, 54% used [0x00000000eab00000,0x00000000ebd75d58,0x00000000ecd00000)
  to   space 34304K, 0% used [0x00000000ee480000,0x00000000ee480000,0x00000000f0600000)
 ParOldGen       total 113664K, used 79141K [0x00000000a0000000, 0x00000000a6f00000, 0x00000000e0000000)
  object space 113664K, 69% used [0x00000000a0000000,0x00000000a4d49710,0x00000000a6f00000)
 Metaspace       used 86779K, capacity 90420K, committed 90584K, reserved 1128448K
  class space    used 11228K, capacity 11971K, committed 12032K, reserved 1048576K
Event: 3018.584 GC heap after
Heap after GC invocations=23 (full 3):
 PSYoungGen      total 231936K, used 12016K [0x00000000e0000000, 0x00000000f0380000, 0x0000000100000000)
  eden space 200192K, 0% used [0x00000000e0000000,0x00000000e0000000,0x00000000ec380000)
  from space 31744K, 37% used [0x00000000ee480000,0x00000000ef03c020,0x00000000f0380000)
  to   space 32768K, 0% used [0x00000000ec380000,0x00000000ec380000,0x00000000ee380000)
 ParOldGen       total 113664K, used 79141K [0x00000000a0000000, 0x00000000a6f00000, 0x00000000e0000000)
  object space 113664K, 69% used [0x00000000a0000000,0x00000000a4d49710,0x00000000a6f00000)
 Metaspace       used 86779K, capacity 90420K, committed 90584K, reserved 1128448K
  class space    used 11228K, capacity 11971K, committed 12032K, reserved 1048576K
}
Event: 3020.637 GC heap before
{Heap before GC invocations=24 (full 3):
 PSYoungGen      total 231936K, used 212208K [0x00000000e0000000, 0x00000000f0380000, 0x0000000100000000)
  eden space 200192K, 100% used [0x00000000e0000000,0x00000000ec380000,0x00000000ec380000)
  from space 31744K, 37% used [0x00000000ee480000,0x00000000ef03c020,0x00000000f0380000)
  to   space 32768K, 0% used [0x00000000ec380000,0x00000000ec380000,0x00000000ee380000)
 ParOldGen       total 113664K, used 79141K [0x00000000a0000000, 0x00000000a6f00000, 0x00000000e0000000)
  object space 113664K, 69% used [0x00000000a0000000,0x00000000a4d49710,0x00000000a6f00000)
 Metaspace       used 87078K, capacity 90810K, committed 91096K, reserved 1128448K
  class space    used 11252K, capacity 11982K, committed 12032K, reserved 1048576K
Event: 3020.685 GC heap after
Heap after GC invocations=24 (full 3):
 PSYoungGen      total 232960K, used 9387K [0x00000000e0000000, 0x00000000f2080000, 0x0000000100000000)
  eden space 200192K, 0% used [0x00000000e0000000,0x00000000e0000000,0x00000000ec380000)
  from space 32768K, 28% used [0x00000000ec380000,0x00000000eccaaef8,0x00000000ee380000)
  to   space 31744K, 0% used [0x00000000f0180000,0x00000000f0180000,0x00000000f2080000)
 ParOldGen       total 113664K, used 79149K [0x00000000a0000000, 0x00000000a6f00000, 0x00000000e0000000)
  object space 113664K, 69% used [0x00000000a0000000,0x00000000a4d4b710,0x00000000a6f00000)
 Metaspace       used 87078K, capacity 90810K, committed 91096K, reserved 1128448K
  class space    used 11252K, capacity 11982K, committed 12032K, reserved 1048576K
}
Event: 3022.552 GC heap before
{Heap before GC invocations=25 (full 3):
 PSYoungGen      total 232960K, used 209579K [0x00000000e0000000, 0x00000000f2080000, 0x0000000100000000)
  eden space 200192K, 100% used [0x00000000e0000000,0x00000000ec380000,0x00000000ec380000)
  from space 32768K, 28% used [0x00000000ec380000,0x00000000eccaaef8,0x00000000ee380000)
  to   space 31744K, 0% used [0x00000000f0180000,0x00000000f0180000,0x00000000f2080000)
 ParOldGen       total 113664K, used 79149K [0x00000000a0000000, 0x00000000a6f00000, 0x00000000e0000000)
  object space 113664K, 69% used [0x00000000a0000000,0x00000000a4d4b710,0x00000000a6f00000)
 Metaspace       used 87174K, capacity 90894K, committed 91096K, reserved 1128448K
  class space    used 11252K, capacity 11982K, committed 12032K, reserved 1048576K
Event: 3022.605 GC heap after
Heap after GC invocations=25 (full 3):
 PSYoungGen      total 264704K, used 8951K [0x00000000e0000000, 0x00000000f2180000, 0x0000000100000000)
  eden space 232960K, 0% used [0x00000000e0000000,0x00000000e0000000,0x00000000ee380000)
  from space 31744K, 28% used [0x00000000f0180000,0x00000000f0a3ddd0,0x00000000f2080000)
  to   space 30720K, 0% used [0x00000000ee380000,0x00000000ee380000,0x00000000f0180000)
 ParOldGen       total 113664K, used 79157K [0x00000000a0000000, 0x00000000a6f00000, 0x00000000e0000000)
  object space 113664K, 69% used [0x00000000a0000000,0x00000000a4d4d710,0x00000000a6f00000)
 Metaspace       used 87174K, capacity 90894K, committed 91096K, reserved 1128448K
  class space    used 11252K, capacity 11982K, committed 12032K, reserved 1048576K
}
Event: 3025.739 GC heap before
{Heap before GC invocations=26 (full 3):
 PSYoungGen      total 264704K, used 241911K [0x00000000e0000000, 0x00000000f2180000, 0x0000000100000000)
  eden space 232960K, 100% used [0x00000000e0000000,0x00000000ee380000,0x00000000ee380000)
  from space 31744K, 28% used [0x00000000f0180000,0x00000000f0a3ddd0,0x00000000f2080000)
  to   space 30720K, 0% used [0x00000000ee380000,0x00000000ee380000,0x00000000f0180000)
 ParOldGen       total 113664K, used 79157K [0x00000000a0000000, 0x00000000a6f00000, 0x00000000e0000000)
  object space 113664K, 69% used [0x00000000a0000000,0x00000000a4d4d710,0x00000000a6f00000)
 Metaspace       used 87311K, capacity 91052K, committed 91352K, reserved 1128448K
  class space    used 11255K, capacity 11985K, committed 12032K, reserved 1048576K
Event: 3025.787 GC heap after
Heap after GC invocations=26 (full 3):
 PSYoungGen      total 263680K, used 8448K [0x00000000e0000000, 0x00000000f4480000, 0x0000000100000000)
  eden space 232960K, 0% used [0x00000000e0000000,0x00000000e0000000,0x00000000ee380000)
  from space 30720K, 27% used [0x00000000ee380000,0x00000000eebc0330,0x00000000f0180000)
  to   space 30208K, 0% used [0x00000000f2700000,0x00000000f2700000,0x00000000f4480000)
 ParOldGen       total 113664K, used 79157K [0x00000000a0000000, 0x00000000a6f00000, 0x00000000e0000000)
  object space 113664K, 69% used [0x00000000a0000000,0x00000000a4d4d710,0x00000000a6f00000)
 Metaspace       used 87311K, capacity 91052K, committed 91352K, reserved 1128448K
  class space    used 11255K, capacity 11985K, committed 12032K, reserved 1048576K
}

